<?xml version="1.0" encoding="UTF-8"?>
<testsuite name="TransformUndoTest" tests="1" skipped="0" failures="0" errors="0" timestamp="2021-12-03T15:15:52" hostname="Rafaels-MacBook-Pro.local" time="0.016">
  <properties/>
  <testcase name="transformUndo()" classname="TransformUndoTest" time="0.016"/>
  <system-out><![CDATA[]]></system-out>
  <system-err><![CDATA[]]></system-err>
</testsuite>
